2019-01-14 05:29:31 +0000  Initial pipeline context: <IDEDistributionProcessingPipelineContext: 0x7fc562b00b70; archive(resolved)='<IDEArchive: 0x7fc5754e3d40>', distributionTask(resolved)='2', distributionDestination(resolved)='1', distributionMethod(resolved)='<IDEDistributionMethodAdHoc: 0x7fc57959f6f0>', team(resolved)='<IDEProvisioningDisambiguatableBasicTeam: 0x7fc57e2df380; teamID='AYN6QDTBBJ', teamName='Matt Dodge', teamType='Individual', username='mattedgod@gmail.com', isFreeProvisioningTeam='0'>'>
	Chain (12, self inclusive):
	<IDEDistributionProcessingPipelineContext: 0x7fc562b00b70; archive = '<IDEArchive: 0x7fc5754e3d40>', distributionMethod='<IDEDistributionMethodAdHoc: 0x7fc57959f6f0>', team='<IDEProvisioningDisambiguatableBasicTeam: 0x7fc57e2df380; teamID='AYN6QDTBBJ', teamName='Matt Dodge', teamType='Individual', username='mattedgod@gmail.com', isFreeProvisioningTeam='0'>'>
	<IDEDistributionProcessingPipelineContext: 0x7fc57cb47b50; archive = '<IDEArchive: 0x7fc5754e3d40>', distributionMethod='<IDEDistributionMethodAdHoc: 0x7fc57959f6f0>', team='<IDEProvisioningDisambiguatableBasicTeam: 0x7fc57e2df380; teamID='AYN6QDTBBJ', teamName='Matt Dodge', teamType='Individual', username='mattedgod@gmail.com', isFreeProvisioningTeam='0'>'>
	<IDEDistributionContext: 0x7fc562f13fe0; archive = '<IDEArchive: 0x7fc5754e3d40>', distributionMethod='<IDEDistributionMethodAdHoc: 0x7fc57959f6f0>', team='<IDEProvisioningDisambiguatableBasicTeam: 0x7fc57e2df380; teamID='AYN6QDTBBJ', teamName='Matt Dodge', teamType='Individual', username='mattedgod@gmail.com', isFreeProvisioningTeam='0'>'>
	<IDEDistributionContext: 0x7fc5792d2910; archive = '<IDEArchive: 0x7fc5754e3d40>', distributionMethod='<IDEDistributionMethodAdHoc: 0x7fc57959f6f0>', team='<IDEProvisioningDisambiguatableBasicTeam: 0x7fc57e2df380; teamID='AYN6QDTBBJ', teamName='Matt Dodge', teamType='Individual', username='mattedgod@gmail.com', isFreeProvisioningTeam='0'>'>
	<IDEDistributionContext: 0x7fc57ebd0970; archive = '<IDEArchive: 0x7fc5754e3d40>', distributionMethod='<IDEDistributionMethodAdHoc: 0x7fc57959f6f0>', team='<IDEProvisioningDisambiguatableBasicTeam: 0x7fc57e2df380; teamID='AYN6QDTBBJ', teamName='Matt Dodge', teamType='Individual', username='mattedgod@gmail.com', isFreeProvisioningTeam='0'>'>
	<IDEDistributionContext: 0x7fc57ddd8cc0; archive = '<IDEArchive: 0x7fc5754e3d40>', distributionMethod='<IDEDistributionMethodAdHoc: 0x7fc57959f6f0>', team='<IDEProvisioningDisambiguatableBasicTeam: 0x7fc57e2df380; teamID='AYN6QDTBBJ', teamName='Matt Dodge', teamType='Individual', username='mattedgod@gmail.com', isFreeProvisioningTeam='0'>'>
	<IDEDistributionContext: 0x7fc57944ec00; archive = '<IDEArchive: 0x7fc5754e3d40>', distributionMethod='<IDEDistributionMethodAdHoc: 0x7fc57959f6f0>', team='<IDEProvisioningDisambiguatableBasicTeam: 0x7fc57e2df380; teamID='AYN6QDTBBJ', teamName='Matt Dodge', teamType='Individual', username='mattedgod@gmail.com', isFreeProvisioningTeam='0'>'>
	<IDEDistributionContext: 0x7fc57c94dc80; archive = '<IDEArchive: 0x7fc5754e3d40>', distributionMethod='<IDEDistributionMethodAdHoc: 0x7fc57959f6f0>', team='<IDEProvisioningDisambiguatableBasicTeam: 0x7fc57e2df380; teamID='AYN6QDTBBJ', teamName='Matt Dodge', teamType='Individual', username='mattedgod@gmail.com', isFreeProvisioningTeam='0'>'>
	<IDEDistributionContext: 0x7fc562be7750; archive = '<IDEArchive: 0x7fc5754e3d40>', distributionMethod='<IDEDistributionMethodAdHoc: 0x7fc57959f6f0>', team='<IDEProvisioningDisambiguatableBasicTeam: 0x7fc57e2df380; teamID='AYN6QDTBBJ', teamName='Matt Dodge', teamType='Individual', username='mattedgod@gmail.com', isFreeProvisioningTeam='0'>'>
	<IDEDistributionContext: 0x7fc562857630; archive = '<IDEArchive: 0x7fc5754e3d40>', distributionMethod='<IDEDistributionMethodAdHoc: 0x7fc57959f6f0>', team='(null)'>
	<IDEDistributionContext: 0x7fc57ae1f250; archive = '<IDEArchive: 0x7fc5754e3d40>', distributionMethod='<IDEDistributionMethodAdHoc: 0x7fc57959f6f0>', team='(null)'>
	<IDEDistributionContext: 0x7fc579460250; archive = '<IDEArchive: 0x7fc5754e3d40>', distributionMethod='(null)', team='(null)'>
</IDEDistributionProcessingPipelineContext: 0x7fc562b00b70>
2019-01-14 05:29:31 +0000  Processing step: IDEDistributionCreateDestRootStep
2019-01-14 05:29:31 +0000  Processing step: IDEDistributionCopyItemStep
2019-01-14 05:29:31 +0000  Running /usr/bin/ditto '-V' '/Users/matt/Library/Developer/Xcode/Archives/2019-01-13/Dodge Ballers 1-13-19, 9.25 PM.xcarchive/Products/Applications/Dodge Ballers.app' '/var/folders/9v/nqd6sls14hvf_d5k3q1znk4c0000gp/T/XcodeDistPipeline.GvR/Root/Payload/Dodge Ballers.app'
2019-01-14 05:29:31 +0000  >>> Copying /Users/matt/Library/Developer/Xcode/Archives/2019-01-13/Dodge Ballers 1-13-19, 9.25 PM.xcarchive/Products/Applications/Dodge Ballers.app 
2019-01-14 05:29:31 +0000  copying file ./_CodeSignature/CodeResources ... 
2019-01-14 05:29:31 +0000  30091 bytes for ./_CodeSignature/CodeResources
2019-01-14 05:29:31 +0000  copying file ./LaunchImage@2x.png ... 
2019-01-14 05:29:31 +0000  1508903 bytes for ./LaunchImage@2x.png
2019-01-14 05:29:31 +0000  copying file ./AppIcon20x20@2x.png ... 
5261 bytes for ./AppIcon20x20@2x.png
copying file ./MainViewController.nib ... 
943 bytes for ./MainViewController.nib
copying file ./AppIcon57x57.png ... 
10114 bytes for ./AppIcon57x57.png
copying file ./AppIcon20x20@3x.png ... 
2019-01-14 05:29:31 +0000  11081 bytes for ./AppIcon20x20@3x.png
2019-01-14 05:29:31 +0000  copying file ./AppIcon29x29.png ... 
2019-01-14 05:29:31 +0000  2973 bytes for ./AppIcon29x29.png
2019-01-14 05:29:31 +0000  copying file ./LaunchImage-568h@2x.png ... 
2019-01-14 05:29:31 +0000  1731267 bytes for ./LaunchImage-568h@2x.png
2019-01-14 05:29:31 +0000  copying file ./AppIcon60x60@2x.png ... 
41320 bytes for ./AppIcon60x60@2x.png
copying file ./AppIcon72x72@2x~ipad.png ... 
58350 bytes for ./AppIcon72x72@2x~ipad.png
copying file ./AppIcon29x29@2x.png ... 
10414 bytes for ./AppIcon29x29@2x.png
copying file ./LaunchImage-800-667h@2x.png ... 
2019-01-14 05:29:31 +0000  2339996 bytes for ./LaunchImage-800-667h@2x.png
2019-01-14 05:29:31 +0000  copying file ./LaunchImage-Portrait@2x~ipad.png ... 
2019-01-14 05:29:31 +0000  7173906 bytes for ./LaunchImage-Portrait@2x~ipad.png
2019-01-14 05:29:31 +0000  copying file ./AppIcon40x40@3x.png ... 
41320 bytes for ./AppIcon40x40@3x.png
copying file ./AppIcon57x57@2x.png ... 
37355 bytes for ./AppIcon57x57@2x.png
copying file ./AppIcon29x29~ipad.png ... 
2973 bytes for ./AppIcon29x29~ipad.png
copying file ./AppIcon40x40@2x.png ... 
19006 bytes for ./AppIcon40x40@2x.png
copying file ./LaunchImage-Portrait~ipad.png ... 
1947704 bytes for ./LaunchImage-Portrait~ipad.png
copying file ./AppIcon29x29@3x.png ... 
22268 bytes for ./AppIcon29x29@3x.png
copying file ./AppIcon60x60@3x.png ... 
89233 bytes for ./AppIcon60x60@3x.png
copying file ./config.xml ... 
6539 bytes for ./config.xml
copying file ./www/index.html ... 
1810 bytes for ./www/index.html
copying file ./www/cordova.js ... 
78123 bytes for ./www/cordova.js
2019-01-14 05:29:31 +0000  copying file ./www/plugins/cordova-plugin-ionic-webview/src/www/util.js ... 
987 bytes for ./www/plugins/cordova-plugin-ionic-webview/src/www/util.js
copying file ./www/plugins/cordova-plugin-ionic-webview/src/www/ios/ios-wkwebview-exec.js ... 
6179 bytes for ./www/plugins/cordova-plugin-ionic-webview/src/www/ios/ios-wkwebview-exec.js
copying file ./www/plugins/cordova-plugin-device/www/device.js ... 
3070 bytes for ./www/plugins/cordova-plugin-device/www/device.js
copying file ./www/plugins/cordova-plugin-statusbar/www/statusbar.js ... 
2019-01-14 05:29:31 +0000  3376 bytes for ./www/plugins/cordova-plugin-statusbar/www/statusbar.js
2019-01-14 05:29:31 +0000  copying file ./www/plugins/cordova-plugin-screen-orientation/www/screenorientation.js ... 
2019-01-14 05:29:31 +0000  5012 bytes for ./www/plugins/cordova-plugin-screen-orientation/www/screenorientation.js
2019-01-14 05:29:31 +0000  copying file ./www/plugins/cordova-plugin-splashscreen/www/splashscreen.js ... 
2019-01-14 05:29:31 +0000  1173 bytes for ./www/plugins/cordova-plugin-splashscreen/www/splashscreen.js
2019-01-14 05:29:31 +0000  copying file ./www/plugins/cordova-plugin-ionic-keyboard/www/ios/keyboard.js ... 
2019-01-14 05:29:31 +0000  3125 bytes for ./www/plugins/cordova-plugin-ionic-keyboard/www/ios/keyboard.js
2019-01-14 05:29:31 +0000  copying file ./www/cordova-js-src/exec.js ... 
2019-01-14 05:29:31 +0000  8877 bytes for ./www/cordova-js-src/exec.js
2019-01-14 05:29:31 +0000  copying file ./www/cordova-js-src/plugin/ios/logger.js ... 
2019-01-14 05:29:31 +0000  10233 bytes for ./www/cordova-js-src/plugin/ios/logger.js
2019-01-14 05:29:31 +0000  copying file ./www/cordova-js-src/plugin/ios/console.js ... 
2019-01-14 05:29:31 +0000  6822 bytes for ./www/cordova-js-src/plugin/ios/console.js
2019-01-14 05:29:31 +0000  copying file ./www/cordova-js-src/platform.js ... 
2019-01-14 05:29:31 +0000  1168 bytes for ./www/cordova-js-src/platform.js
2019-01-14 05:29:31 +0000  copying file ./www/manifest.json ... 
2019-01-14 05:29:31 +0000  266 bytes for ./www/manifest.json
2019-01-14 05:29:31 +0000  copying file ./www/cordova_plugins.js ... 
2019-01-14 05:29:31 +0000  2084 bytes for ./www/cordova_plugins.js
copying file ./www/service-worker.js ... 
2019-01-14 05:29:31 +0000  741 bytes for ./www/service-worker.js
2019-01-14 05:29:31 +0000  copying file ./www/build/polyfills.js ... 
2019-01-14 05:29:31 +0000  97180 bytes for ./www/build/polyfills.js
2019-01-14 05:29:31 +0000  copying file ./www/build/main.css ... 
2019-01-14 05:29:31 +0000  488325 bytes for ./www/build/main.css
2019-01-14 05:29:31 +0000  copying file ./www/build/vendor.js ... 
2019-01-14 05:29:31 +0000  1164233 bytes for ./www/build/vendor.js
2019-01-14 05:29:31 +0000  copying file ./www/build/main.js ... 
41527 bytes for ./www/build/main.js
copying file ./www/build/sw-toolbox.js ... 
15793 bytes for ./www/build/sw-toolbox.js
copying file ./www/assets/imgs/house_bg.jpg ... 
2019-01-14 05:29:31 +0000  1689117 bytes for ./www/assets/imgs/house_bg.jpg
2019-01-14 05:29:31 +0000  copying file ./www/assets/imgs/calendar_bg.jpg ... 
2019-01-14 05:29:31 +0000  2139154 bytes for ./www/assets/imgs/calendar_bg.jpg
2019-01-14 05:29:31 +0000  copying file ./www/assets/imgs/family_bg.jpg ... 
2019-01-14 05:29:31 +0000  1926910 bytes for ./www/assets/imgs/family_bg.jpg
2019-01-14 05:29:31 +0000  copying file ./www/assets/imgs/logo.png ... 
39757 bytes for ./www/assets/imgs/logo.png
copying file ./www/assets/icon/favicon.ico ... 
1981 bytes for ./www/assets/icon/favicon.ico
copying file ./www/assets/icon/paw.svg ... 
1582 bytes for ./www/assets/icon/paw.svg
copying file ./www/assets/icon/thermometer.svg ... 
1822 bytes for ./www/assets/icon/thermometer.svg
copying file ./www/assets/icon/next-arrow.svg ... 
444 bytes for ./www/assets/icon/next-arrow.svg
copying file ./www/assets/icon/history-clock.svg ... 
2019-01-14 05:29:31 +0000  1152 bytes for ./www/assets/icon/history-clock.svg
copying file ./www/assets/icon/calendar.svg ... 
2019-01-14 05:29:31 +0000  2370 bytes for ./www/assets/icon/calendar.svg
copying file ./www/assets/icon/frog.svg ... 
2019-01-14 05:29:31 +0000  4929 bytes for ./www/assets/icon/frog.svg
2019-01-14 05:29:31 +0000  copying file ./www/assets/fonts/roboto-light.woff2 ... 
2019-01-14 05:29:31 +0000  10220 bytes for ./www/assets/fonts/roboto-light.woff2
copying file ./www/assets/fonts/roboto-regular.woff2 ... 
2019-01-14 05:29:31 +0000  10196 bytes for ./www/assets/fonts/roboto-regular.woff2
2019-01-14 05:29:31 +0000  copying file ./www/assets/fonts/roboto-regular.woff ... 
2019-01-14 05:29:31 +0000  13308 bytes for ./www/assets/fonts/roboto-regular.woff
2019-01-14 05:29:31 +0000  copying file ./www/assets/fonts/roboto-light.woff ... 
2019-01-14 05:29:31 +0000  13360 bytes for ./www/assets/fonts/roboto-light.woff
2019-01-14 05:29:31 +0000  copying file ./www/assets/fonts/roboto-medium.woff2 ... 
2019-01-14 05:29:31 +0000  10192 bytes for ./www/assets/fonts/roboto-medium.woff2
2019-01-14 05:29:31 +0000  copying file ./www/assets/fonts/ionicons.woff ... 
2019-01-14 05:29:31 +0000  80356 bytes for ./www/assets/fonts/ionicons.woff
2019-01-14 05:29:31 +0000  copying file ./www/assets/fonts/roboto-bold.woff2 ... 
2019-01-14 05:29:31 +0000  10212 bytes for ./www/assets/fonts/roboto-bold.woff2
copying file ./www/assets/fonts/roboto-medium.woff ... 
2019-01-14 05:29:31 +0000  13248 bytes for ./www/assets/fonts/roboto-medium.woff
2019-01-14 05:29:31 +0000  copying file ./www/assets/fonts/roboto-bold.woff ... 
2019-01-14 05:29:31 +0000  13348 bytes for ./www/assets/fonts/roboto-bold.woff
2019-01-14 05:29:31 +0000  copying file ./www/assets/fonts/ionicons.woff2 ... 
2019-01-14 05:29:31 +0000  61020 bytes for ./www/assets/fonts/ionicons.woff2
2019-01-14 05:29:31 +0000  copying file ./www/wk-plugin.js ... 
2019-01-14 05:29:31 +0000  1388 bytes for ./www/wk-plugin.js
2019-01-14 05:29:31 +0000  copying file ./LaunchImage-Landscape~ipad.png ... 
2019-01-14 05:29:31 +0000  2061412 bytes for ./LaunchImage-Landscape~ipad.png
copying file ./LaunchImage-700-Portrait~ipad.png ... 
2019-01-14 05:29:31 +0000  1947704 bytes for ./LaunchImage-700-Portrait~ipad.png
copying file ./Dodge Ballers ... 
838704 bytes for ./Dodge Ballers
2019-01-14 05:29:31 +0000  copying file ./Assets.car ... 
2019-01-14 05:29:31 +0000  25598488 bytes for ./Assets.car
2019-01-14 05:29:31 +0000  copying file ./AppIcon40x40@2x~ipad.png ... 
19006 bytes for ./AppIcon40x40@2x~ipad.png
copying file ./AppIcon76x76@2x~ipad.png ... 
64877 bytes for ./AppIcon76x76@2x~ipad.png
copying file ./LaunchImage-800-Portrait-736h@3x.png ... 
2019-01-14 05:29:31 +0000  5974593 bytes for ./LaunchImage-800-Portrait-736h@3x.png
copying file ./AppIcon72x72~ipad.png ... 
15520 bytes for ./AppIcon72x72~ipad.png
copying file ./CDVLaunchScreen.storyboardc/01J-lp-oVM-view-Ze5-6b-2t3.nib ... 
2285 bytes for ./CDVLaunchScreen.storyboardc/01J-lp-oVM-view-Ze5-6b-2t3.nib
copying file ./CDVLaunchScreen.storyboardc/UIViewController-01J-lp-oVM.nib ... 
832 bytes for ./CDVLaunchScreen.storyboardc/UIViewController-01J-lp-oVM.nib
copying file ./CDVLaunchScreen.storyboardc/Info.plist ... 
258 bytes for ./CDVLaunchScreen.storyboardc/Info.plist
copying file ./LaunchImage-700@2x.png ... 
1508903 bytes for ./LaunchImage-700@2x.png
copying file ./AppIcon83.5x83.5@2x~ipad.png ... 
77338 bytes for ./AppIcon83.5x83.5@2x~ipad.png
copying file ./LaunchImage-700-568h@2x.png ... 
1731267 bytes for ./LaunchImage-700-568h@2x.png
copying file ./LaunchImage-Landscape@2x~ipad.png ... 
2019-01-14 05:29:31 +0000  7656131 bytes for ./LaunchImage-Landscape@2x~ipad.png
2019-01-14 05:29:31 +0000  copying file ./AppIcon50x50~ipad.png ... 
7947 bytes for ./AppIcon50x50~ipad.png
copying file ./AppIcon29x29@2x~ipad.png ... 
10414 bytes for ./AppIcon29x29@2x~ipad.png
copying file ./LaunchImage-700-Landscape@2x~ipad.png ... 
2019-01-14 05:29:31 +0000  7656131 bytes for ./LaunchImage-700-Landscape@2x~ipad.png
2019-01-14 05:29:31 +0000  copying file ./AppIcon50x50@2x~ipad.png ... 
29073 bytes for ./AppIcon50x50@2x~ipad.png
copying file ./AppIcon40x40~ipad.png ... 
5261 bytes for ./AppIcon40x40~ipad.png
copying file ./LaunchImage.png ... 
405380 bytes for ./LaunchImage.png
copying file ./LaunchImage-800-Landscape-736h@3x.png ... 
2019-01-14 05:29:31 +0000  6765590 bytes for ./LaunchImage-800-Landscape-736h@3x.png
copying file ./LaunchImage-700-Portrait@2x~ipad.png ... 
2019-01-14 05:29:31 +0000  7173906 bytes for ./LaunchImage-700-Portrait@2x~ipad.png
copying file ./LaunchImage-700-Landscape~ipad.png ... 
2019-01-14 05:29:31 +0000  /usr/bin/ditto exited with 0
2019-01-14 05:29:31 +0000  2061412 bytes for ./LaunchImage-700-Landscape~ipad.png
copying file ./AppIcon20x20@2x~ipad.png ... 
5261 bytes for ./AppIcon20x20@2x~ipad.png
copying file ./Info.plist ... 
2218 bytes for ./Info.plist
copying file ./PkgInfo ... 
8 bytes for ./PkgInfo
copying file ./AppIcon76x76~ipad.png ... 
17195 bytes for ./AppIcon76x76~ipad.png
2019-01-14 05:29:31 +0000  Processing step: IDEDistributionEmbedProfileStep
2019-01-14 05:29:31 +0000  Processing step: IDEDistributionAppThinningPlistStep
2019-01-14 05:29:31 +0000  Skipping step: IDEDistributionAppThinningPlistStep because it said so
2019-01-14 05:29:31 +0000  Processing step: IDEDistributionCompileBitcodeStep
2019-01-14 05:29:31 +0000  Skipping step: IDEDistributionCompileBitcodeStep because it said so
2019-01-14 05:29:31 +0000  Processing step: IDEDistributionCodeSlimmingStep
2019-01-14 05:29:31 +0000  Processing step: IDEDistributionCopyBCSymbolMapsStep
2019-01-14 05:29:31 +0000  Skipping step: IDEDistributionCopyBCSymbolMapsStep because it said so
2019-01-14 05:29:31 +0000  Processing step: IDEDistributionSymbolsStep
2019-01-14 05:29:31 +0000  Skipping step: IDEDistributionSymbolsStep because it said so
2019-01-14 05:29:31 +0000  Processing step: IDEDistributionAppThinningStep
2019-01-14 05:29:31 +0000  Skipping step: IDEDistributionAppThinningStep because it said so
2019-01-14 05:29:31 +0000  Processing step: IDEDistributionArchThinningStep
2019-01-14 05:29:31 +0000  Running /Applications/Xcode.app/Contents/Developer/Toolchains/XcodeDefault.xctoolchain/usr/bin/lipo '/var/folders/9v/nqd6sls14hvf_d5k3q1znk4c0000gp/T/XcodeDistPipeline.GvR/Root/Payload/Dodge Ballers.app/Dodge Ballers' '-verify_arch' 'arm64e'
2019-01-14 05:29:31 +0000  /Applications/Xcode.app/Contents/Developer/Toolchains/XcodeDefault.xctoolchain/usr/bin/lipo exited with 1
2019-01-14 05:29:31 +0000  Skipping architecture thinning for item "Dodge Ballers" because arch "arm64e" wasn't found
2019-01-14 05:29:31 +0000  Processing step: IDEDistributionODRStep
2019-01-14 05:29:31 +0000  Processing step: IDEDistributionStripXattrsStep
2019-01-14 05:29:31 +0000  Running /usr/bin/xattr '-crs' '/var/folders/9v/nqd6sls14hvf_d5k3q1znk4c0000gp/T/XcodeDistPipeline.GvR/Root/Payload/Dodge Ballers.app'
2019-01-14 05:29:31 +0000  /usr/bin/xattr exited with 0
2019-01-14 05:29:31 +0000  Processing step: IDEDistributionCodesignStep
2019-01-14 05:29:31 +0000  Entitlements for <IDEDistributionItem: 0x7fc57547a8f0 'codes.mattdodge.family' '<DVTFilePath:0x7fc5711f6950:'/Users/matt/Library/Developer/Xcode/Archives/2019-01-13/Dodge Ballers 1-13-19, 9.25 PM.xcarchive/Products/Applications/Dodge Ballers.app'>'>: {
    "application-identifier" = "AYN6QDTBBJ.codes.mattdodge.family";
    "com.apple.developer.team-identifier" = AYN6QDTBBJ;
    "get-task-allow" = 0;
}
2019-01-14 05:29:31 +0000  Writing entitlements for <IDEDistributionItem: 0x7fc57547a8f0 'codes.mattdodge.family' '<DVTFilePath:0x7fc5711f6950:'/Users/matt/Library/Developer/Xcode/Archives/2019-01-13/Dodge Ballers 1-13-19, 9.25 PM.xcarchive/Products/Applications/Dodge Ballers.app'>'> to: /var/folders/9v/nqd6sls14hvf_d5k3q1znk4c0000gp/T/XcodeDistPipeline.GvR/entitlements5W0pm7
2019-01-14 05:29:31 +0000  Running /usr/bin/codesign '-vvv' '--force' '--sign' 'F083C94BF5832A5417C82299F5A4D59FD2BC92E7' '--entitlements' '/var/folders/9v/nqd6sls14hvf_d5k3q1znk4c0000gp/T/XcodeDistPipeline.GvR/entitlements5W0pm7' '--preserve-metadata=identifier,flags,runtime' '/var/folders/9v/nqd6sls14hvf_d5k3q1znk4c0000gp/T/XcodeDistPipeline.GvR/Root/Payload/Dodge Ballers.app'
2019-01-14 05:29:31 +0000  /var/folders/9v/nqd6sls14hvf_d5k3q1znk4c0000gp/T/XcodeDistPipeline.GvR/Root/Payload/Dodge Ballers.app: replacing existing signature
2019-01-14 05:29:31 +0000  /var/folders/9v/nqd6sls14hvf_d5k3q1znk4c0000gp/T/XcodeDistPipeline.GvR/Root/Payload/Dodge Ballers.app: signed app bundle with Mach-O universal (armv7 arm64) [codes.mattdodge.family]
2019-01-14 05:29:31 +0000  /usr/bin/codesign exited with 0
2019-01-14 05:29:31 +0000  Processing step: IDEDistributionZipODRItemStep
2019-01-14 05:29:31 +0000  Skipping step: IDEDistributionZipODRItemStep because it said so
2019-01-14 05:29:31 +0000  Processing step: IDEDistributionCreateIPAStep
2019-01-14 05:29:31 +0000  Running /usr/bin/ditto '-V' '-c' '-k' '--norsrc' '/var/folders/9v/nqd6sls14hvf_d5k3q1znk4c0000gp/T/XcodeDistPipeline.GvR/Root' '/var/folders/9v/nqd6sls14hvf_d5k3q1znk4c0000gp/T/XcodeDistPipeline.GvR/Packages/Dodge Ballers.ipa'
2019-01-14 05:29:31 +0000  >>> Copying /var/folders/9v/nqd6sls14hvf_d5k3q1znk4c0000gp/T/XcodeDistPipeline.GvR/Root 
2019-01-14 05:29:31 +0000  copying file ./Payload/Dodge Ballers.app/_CodeSignature/CodeResources ... 
2019-01-14 05:29:31 +0000  30397 bytes for ./Payload/Dodge Ballers.app/_CodeSignature/CodeResources
2019-01-14 05:29:31 +0000  copying file ./Payload/Dodge Ballers.app/LaunchImage@2x.png ... 
2019-01-14 05:29:31 +0000  1508903 bytes for ./Payload/Dodge Ballers.app/LaunchImage@2x.png
copying file ./Payload/Dodge Ballers.app/AppIcon20x20@2x.png ... 
2019-01-14 05:29:31 +0000  5261 bytes for ./Payload/Dodge Ballers.app/AppIcon20x20@2x.png
copying file ./Payload/Dodge Ballers.app/MainViewController.nib ... 
2019-01-14 05:29:31 +0000  943 bytes for ./Payload/Dodge Ballers.app/MainViewController.nib
copying file ./Payload/Dodge Ballers.app/AppIcon57x57.png ... 
2019-01-14 05:29:31 +0000  10114 bytes for ./Payload/Dodge Ballers.app/AppIcon57x57.png
copying file ./Payload/Dodge Ballers.app/AppIcon20x20@3x.png ... 
2019-01-14 05:29:31 +0000  11081 bytes for ./Payload/Dodge Ballers.app/AppIcon20x20@3x.png
copying file ./Payload/Dodge Ballers.app/AppIcon29x29.png ... 
2019-01-14 05:29:31 +0000  2973 bytes for ./Payload/Dodge Ballers.app/AppIcon29x29.png
copying file ./Payload/Dodge Ballers.app/LaunchImage-568h@2x.png ... 
2019-01-14 05:29:32 +0000  1731267 bytes for ./Payload/Dodge Ballers.app/LaunchImage-568h@2x.png
copying file ./Payload/Dodge Ballers.app/AppIcon60x60@2x.png ... 
2019-01-14 05:29:32 +0000  41320 bytes for ./Payload/Dodge Ballers.app/AppIcon60x60@2x.png
copying file ./Payload/Dodge Ballers.app/AppIcon72x72@2x~ipad.png ... 
2019-01-14 05:29:32 +0000  58350 bytes for ./Payload/Dodge Ballers.app/AppIcon72x72@2x~ipad.png
copying file ./Payload/Dodge Ballers.app/AppIcon29x29@2x.png ... 
2019-01-14 05:29:32 +0000  10414 bytes for ./Payload/Dodge Ballers.app/AppIcon29x29@2x.png
copying file ./Payload/Dodge Ballers.app/LaunchImage-800-667h@2x.png ... 
2019-01-14 05:29:32 +0000  2339996 bytes for ./Payload/Dodge Ballers.app/LaunchImage-800-667h@2x.png
copying file ./Payload/Dodge Ballers.app/LaunchImage-Portrait@2x~ipad.png ... 
2019-01-14 05:29:32 +0000  7173906 bytes for ./Payload/Dodge Ballers.app/LaunchImage-Portrait@2x~ipad.png
copying file ./Payload/Dodge Ballers.app/AppIcon40x40@3x.png ... 
2019-01-14 05:29:32 +0000  41320 bytes for ./Payload/Dodge Ballers.app/AppIcon40x40@3x.png
copying file ./Payload/Dodge Ballers.app/AppIcon57x57@2x.png ... 
2019-01-14 05:29:32 +0000  37355 bytes for ./Payload/Dodge Ballers.app/AppIcon57x57@2x.png
copying file ./Payload/Dodge Ballers.app/AppIcon29x29~ipad.png ... 
2019-01-14 05:29:32 +0000  2973 bytes for ./Payload/Dodge Ballers.app/AppIcon29x29~ipad.png
copying file ./Payload/Dodge Ballers.app/AppIcon40x40@2x.png ... 
2019-01-14 05:29:32 +0000  19006 bytes for ./Payload/Dodge Ballers.app/AppIcon40x40@2x.png
copying file ./Payload/Dodge Ballers.app/LaunchImage-Portrait~ipad.png ... 
2019-01-14 05:29:32 +0000  1947704 bytes for ./Payload/Dodge Ballers.app/LaunchImage-Portrait~ipad.png
copying file ./Payload/Dodge Ballers.app/AppIcon29x29@3x.png ... 
2019-01-14 05:29:32 +0000  22268 bytes for ./Payload/Dodge Ballers.app/AppIcon29x29@3x.png
copying file ./Payload/Dodge Ballers.app/AppIcon60x60@3x.png ... 
2019-01-14 05:29:32 +0000  89233 bytes for ./Payload/Dodge Ballers.app/AppIcon60x60@3x.png
copying file ./Payload/Dodge Ballers.app/config.xml ... 
2019-01-14 05:29:32 +0000  6539 bytes for ./Payload/Dodge Ballers.app/config.xml
2019-01-14 05:29:32 +0000  copying file ./Payload/Dodge Ballers.app/www/index.html ... 
1810 bytes for ./Payload/Dodge Ballers.app/www/index.html
2019-01-14 05:29:32 +0000  copying file ./Payload/Dodge Ballers.app/www/cordova.js ... 
2019-01-14 05:29:32 +0000  78123 bytes for ./Payload/Dodge Ballers.app/www/cordova.js
2019-01-14 05:29:32 +0000  copying file ./Payload/Dodge Ballers.app/www/plugins/cordova-plugin-ionic-webview/src/www/util.js ... 
2019-01-14 05:29:32 +0000  987 bytes for ./Payload/Dodge Ballers.app/www/plugins/cordova-plugin-ionic-webview/src/www/util.js
copying file ./Payload/Dodge Ballers.app/www/plugins/cordova-plugin-ionic-webview/src/www/ios/ios-wkwebview-exec.js ... 
2019-01-14 05:29:32 +0000  6179 bytes for ./Payload/Dodge Ballers.app/www/plugins/cordova-plugin-ionic-webview/src/www/ios/ios-wkwebview-exec.js
2019-01-14 05:29:32 +0000  copying file ./Payload/Dodge Ballers.app/www/plugins/cordova-plugin-device/www/device.js ... 
2019-01-14 05:29:32 +0000  3070 bytes for ./Payload/Dodge Ballers.app/www/plugins/cordova-plugin-device/www/device.js
copying file ./Payload/Dodge Ballers.app/www/plugins/cordova-plugin-statusbar/www/statusbar.js ... 
2019-01-14 05:29:32 +0000  3376 bytes for ./Payload/Dodge Ballers.app/www/plugins/cordova-plugin-statusbar/www/statusbar.js
2019-01-14 05:29:32 +0000  copying file ./Payload/Dodge Ballers.app/www/plugins/cordova-plugin-screen-orientation/www/screenorientation.js ... 
2019-01-14 05:29:32 +0000  5012 bytes for ./Payload/Dodge Ballers.app/www/plugins/cordova-plugin-screen-orientation/www/screenorientation.js
copying file ./Payload/Dodge Ballers.app/www/plugins/cordova-plugin-splashscreen/www/splashscreen.js ... 
2019-01-14 05:29:32 +0000  1173 bytes for ./Payload/Dodge Ballers.app/www/plugins/cordova-plugin-splashscreen/www/splashscreen.js
copying file ./Payload/Dodge Ballers.app/www/plugins/cordova-plugin-ionic-keyboard/www/ios/keyboard.js ... 
2019-01-14 05:29:32 +0000  3125 bytes for ./Payload/Dodge Ballers.app/www/plugins/cordova-plugin-ionic-keyboard/www/ios/keyboard.js
2019-01-14 05:29:32 +0000  copying file ./Payload/Dodge Ballers.app/www/cordova-js-src/exec.js ... 
2019-01-14 05:29:32 +0000  8877 bytes for ./Payload/Dodge Ballers.app/www/cordova-js-src/exec.js
2019-01-14 05:29:32 +0000  copying file ./Payload/Dodge Ballers.app/www/cordova-js-src/plugin/ios/logger.js ... 
2019-01-14 05:29:32 +0000  10233 bytes for ./Payload/Dodge Ballers.app/www/cordova-js-src/plugin/ios/logger.js
copying file ./Payload/Dodge Ballers.app/www/cordova-js-src/plugin/ios/console.js ... 
2019-01-14 05:29:32 +0000  6822 bytes for ./Payload/Dodge Ballers.app/www/cordova-js-src/plugin/ios/console.js
2019-01-14 05:29:32 +0000  copying file ./Payload/Dodge Ballers.app/www/cordova-js-src/platform.js ... 
2019-01-14 05:29:32 +0000  1168 bytes for ./Payload/Dodge Ballers.app/www/cordova-js-src/platform.js
copying file ./Payload/Dodge Ballers.app/www/manifest.json ... 
266 bytes for ./Payload/Dodge Ballers.app/www/manifest.json
copying file ./Payload/Dodge Ballers.app/www/cordova_plugins.js ... 
2019-01-14 05:29:32 +0000  2084 bytes for ./Payload/Dodge Ballers.app/www/cordova_plugins.js
copying file ./Payload/Dodge Ballers.app/www/service-worker.js ... 
2019-01-14 05:29:32 +0000  741 bytes for ./Payload/Dodge Ballers.app/www/service-worker.js
copying file ./Payload/Dodge Ballers.app/www/build/polyfills.js ... 
2019-01-14 05:29:32 +0000  97180 bytes for ./Payload/Dodge Ballers.app/www/build/polyfills.js
copying file ./Payload/Dodge Ballers.app/www/build/main.css ... 
2019-01-14 05:29:32 +0000  488325 bytes for ./Payload/Dodge Ballers.app/www/build/main.css
copying file ./Payload/Dodge Ballers.app/www/build/vendor.js ... 
2019-01-14 05:29:32 +0000  1164233 bytes for ./Payload/Dodge Ballers.app/www/build/vendor.js
copying file ./Payload/Dodge Ballers.app/www/build/main.js ... 
2019-01-14 05:29:32 +0000  41527 bytes for ./Payload/Dodge Ballers.app/www/build/main.js
copying file ./Payload/Dodge Ballers.app/www/build/sw-toolbox.js ... 
2019-01-14 05:29:32 +0000  15793 bytes for ./Payload/Dodge Ballers.app/www/build/sw-toolbox.js
2019-01-14 05:29:32 +0000  copying file ./Payload/Dodge Ballers.app/www/assets/imgs/house_bg.jpg ... 
2019-01-14 05:29:32 +0000  1689117 bytes for ./Payload/Dodge Ballers.app/www/assets/imgs/house_bg.jpg
copying file ./Payload/Dodge Ballers.app/www/assets/imgs/calendar_bg.jpg ... 
2019-01-14 05:29:32 +0000  2139154 bytes for ./Payload/Dodge Ballers.app/www/assets/imgs/calendar_bg.jpg
copying file ./Payload/Dodge Ballers.app/www/assets/imgs/family_bg.jpg ... 
2019-01-14 05:29:32 +0000  1926910 bytes for ./Payload/Dodge Ballers.app/www/assets/imgs/family_bg.jpg
copying file ./Payload/Dodge Ballers.app/www/assets/imgs/logo.png ... 
2019-01-14 05:29:32 +0000  39757 bytes for ./Payload/Dodge Ballers.app/www/assets/imgs/logo.png
2019-01-14 05:29:32 +0000  copying file ./Payload/Dodge Ballers.app/www/assets/icon/favicon.ico ... 
2019-01-14 05:29:32 +0000  1981 bytes for ./Payload/Dodge Ballers.app/www/assets/icon/favicon.ico
copying file ./Payload/Dodge Ballers.app/www/assets/icon/paw.svg ... 
1582 bytes for ./Payload/Dodge Ballers.app/www/assets/icon/paw.svg
copying file ./Payload/Dodge Ballers.app/www/assets/icon/thermometer.svg ... 
2019-01-14 05:29:32 +0000  1822 bytes for ./Payload/Dodge Ballers.app/www/assets/icon/thermometer.svg
copying file ./Payload/Dodge Ballers.app/www/assets/icon/next-arrow.svg ... 
444 bytes for ./Payload/Dodge Ballers.app/www/assets/icon/next-arrow.svg
copying file ./Payload/Dodge Ballers.app/www/assets/icon/history-clock.svg ... 
2019-01-14 05:29:32 +0000  1152 bytes for ./Payload/Dodge Ballers.app/www/assets/icon/history-clock.svg
copying file ./Payload/Dodge Ballers.app/www/assets/icon/calendar.svg ... 
2019-01-14 05:29:32 +0000  2370 bytes for ./Payload/Dodge Ballers.app/www/assets/icon/calendar.svg
copying file ./Payload/Dodge Ballers.app/www/assets/icon/frog.svg ... 
2019-01-14 05:29:32 +0000  4929 bytes for ./Payload/Dodge Ballers.app/www/assets/icon/frog.svg
2019-01-14 05:29:32 +0000  copying file ./Payload/Dodge Ballers.app/www/assets/fonts/roboto-light.woff2 ... 
2019-01-14 05:29:32 +0000  10220 bytes for ./Payload/Dodge Ballers.app/www/assets/fonts/roboto-light.woff2
copying file ./Payload/Dodge Ballers.app/www/assets/fonts/roboto-regular.woff2 ... 
2019-01-14 05:29:32 +0000  10196 bytes for ./Payload/Dodge Ballers.app/www/assets/fonts/roboto-regular.woff2
copying file ./Payload/Dodge Ballers.app/www/assets/fonts/roboto-regular.woff ... 
2019-01-14 05:29:32 +0000  13308 bytes for ./Payload/Dodge Ballers.app/www/assets/fonts/roboto-regular.woff
2019-01-14 05:29:32 +0000  copying file ./Payload/Dodge Ballers.app/www/assets/fonts/roboto-light.woff ... 
2019-01-14 05:29:32 +0000  13360 bytes for ./Payload/Dodge Ballers.app/www/assets/fonts/roboto-light.woff
2019-01-14 05:29:32 +0000  copying file ./Payload/Dodge Ballers.app/www/assets/fonts/roboto-medium.woff2 ... 
2019-01-14 05:29:32 +0000  10192 bytes for ./Payload/Dodge Ballers.app/www/assets/fonts/roboto-medium.woff2
copying file ./Payload/Dodge Ballers.app/www/assets/fonts/ionicons.woff ... 
2019-01-14 05:29:32 +0000  80356 bytes for ./Payload/Dodge Ballers.app/www/assets/fonts/ionicons.woff
copying file ./Payload/Dodge Ballers.app/www/assets/fonts/roboto-bold.woff2 ... 
2019-01-14 05:29:32 +0000  10212 bytes for ./Payload/Dodge Ballers.app/www/assets/fonts/roboto-bold.woff2
copying file ./Payload/Dodge Ballers.app/www/assets/fonts/roboto-medium.woff ... 
2019-01-14 05:29:32 +0000  13248 bytes for ./Payload/Dodge Ballers.app/www/assets/fonts/roboto-medium.woff
copying file ./Payload/Dodge Ballers.app/www/assets/fonts/roboto-bold.woff ... 
2019-01-14 05:29:32 +0000  13348 bytes for ./Payload/Dodge Ballers.app/www/assets/fonts/roboto-bold.woff
copying file ./Payload/Dodge Ballers.app/www/assets/fonts/ionicons.woff2 ... 
2019-01-14 05:29:32 +0000  61020 bytes for ./Payload/Dodge Ballers.app/www/assets/fonts/ionicons.woff2
2019-01-14 05:29:32 +0000  copying file ./Payload/Dodge Ballers.app/www/wk-plugin.js ... 
1388 bytes for ./Payload/Dodge Ballers.app/www/wk-plugin.js
2019-01-14 05:29:32 +0000  copying file ./Payload/Dodge Ballers.app/LaunchImage-Landscape~ipad.png ... 
2019-01-14 05:29:32 +0000  2061412 bytes for ./Payload/Dodge Ballers.app/LaunchImage-Landscape~ipad.png
copying file ./Payload/Dodge Ballers.app/LaunchImage-700-Portrait~ipad.png ... 
2019-01-14 05:29:32 +0000  1947704 bytes for ./Payload/Dodge Ballers.app/LaunchImage-700-Portrait~ipad.png
copying file ./Payload/Dodge Ballers.app/Dodge Ballers ... 
2019-01-14 05:29:32 +0000  838704 bytes for ./Payload/Dodge Ballers.app/Dodge Ballers
copying file ./Payload/Dodge Ballers.app/Assets.car ... 
2019-01-14 05:29:33 +0000  25598488 bytes for ./Payload/Dodge Ballers.app/Assets.car
2019-01-14 05:29:33 +0000  copying file ./Payload/Dodge Ballers.app/AppIcon40x40@2x~ipad.png ... 
2019-01-14 05:29:33 +0000  19006 bytes for ./Payload/Dodge Ballers.app/AppIcon40x40@2x~ipad.png
2019-01-14 05:29:33 +0000  copying file ./Payload/Dodge Ballers.app/AppIcon76x76@2x~ipad.png ... 
2019-01-14 05:29:33 +0000  64877 bytes for ./Payload/Dodge Ballers.app/AppIcon76x76@2x~ipad.png
2019-01-14 05:29:33 +0000  copying file ./Payload/Dodge Ballers.app/LaunchImage-800-Portrait-736h@3x.png ... 
2019-01-14 05:29:33 +0000  5974593 bytes for ./Payload/Dodge Ballers.app/LaunchImage-800-Portrait-736h@3x.png
copying file ./Payload/Dodge Ballers.app/AppIcon72x72~ipad.png ... 
2019-01-14 05:29:33 +0000  15520 bytes for ./Payload/Dodge Ballers.app/AppIcon72x72~ipad.png
2019-01-14 05:29:33 +0000  copying file ./Payload/Dodge Ballers.app/CDVLaunchScreen.storyboardc/01J-lp-oVM-view-Ze5-6b-2t3.nib ... 
2019-01-14 05:29:33 +0000  2285 bytes for ./Payload/Dodge Ballers.app/CDVLaunchScreen.storyboardc/01J-lp-oVM-view-Ze5-6b-2t3.nib
copying file ./Payload/Dodge Ballers.app/CDVLaunchScreen.storyboardc/UIViewController-01J-lp-oVM.nib ... 
832 bytes for ./Payload/Dodge Ballers.app/CDVLaunchScreen.storyboardc/UIViewController-01J-lp-oVM.nib
copying file ./Payload/Dodge Ballers.app/CDVLaunchScreen.storyboardc/Info.plist ... 
2019-01-14 05:29:33 +0000  258 bytes for ./Payload/Dodge Ballers.app/CDVLaunchScreen.storyboardc/Info.plist
copying file ./Payload/Dodge Ballers.app/LaunchImage-700@2x.png ... 
2019-01-14 05:29:33 +0000  1508903 bytes for ./Payload/Dodge Ballers.app/LaunchImage-700@2x.png
copying file ./Payload/Dodge Ballers.app/AppIcon83.5x83.5@2x~ipad.png ... 
2019-01-14 05:29:33 +0000  77338 bytes for ./Payload/Dodge Ballers.app/AppIcon83.5x83.5@2x~ipad.png
copying file ./Payload/Dodge Ballers.app/LaunchImage-700-568h@2x.png ... 
2019-01-14 05:29:33 +0000  1731267 bytes for ./Payload/Dodge Ballers.app/LaunchImage-700-568h@2x.png
copying file ./Payload/Dodge Ballers.app/LaunchImage-Landscape@2x~ipad.png ... 
2019-01-14 05:29:33 +0000  7656131 bytes for ./Payload/Dodge Ballers.app/LaunchImage-Landscape@2x~ipad.png
2019-01-14 05:29:33 +0000  copying file ./Payload/Dodge Ballers.app/AppIcon50x50~ipad.png ... 
7947 bytes for ./Payload/Dodge Ballers.app/AppIcon50x50~ipad.png
2019-01-14 05:29:33 +0000  copying file ./Payload/Dodge Ballers.app/AppIcon29x29@2x~ipad.png ... 
2019-01-14 05:29:33 +0000  10414 bytes for ./Payload/Dodge Ballers.app/AppIcon29x29@2x~ipad.png
copying file ./Payload/Dodge Ballers.app/LaunchImage-700-Landscape@2x~ipad.png ... 
2019-01-14 05:29:34 +0000  7656131 bytes for ./Payload/Dodge Ballers.app/LaunchImage-700-Landscape@2x~ipad.png
copying file ./Payload/Dodge Ballers.app/AppIcon50x50@2x~ipad.png ... 
2019-01-14 05:29:34 +0000  29073 bytes for ./Payload/Dodge Ballers.app/AppIcon50x50@2x~ipad.png
copying file ./Payload/Dodge Ballers.app/AppIcon40x40~ipad.png ... 
2019-01-14 05:29:34 +0000  5261 bytes for ./Payload/Dodge Ballers.app/AppIcon40x40~ipad.png
copying file ./Payload/Dodge Ballers.app/LaunchImage.png ... 
2019-01-14 05:29:34 +0000  405380 bytes for ./Payload/Dodge Ballers.app/LaunchImage.png
copying file ./Payload/Dodge Ballers.app/embedded.mobileprovision ... 
2019-01-14 05:29:34 +0000  7696 bytes for ./Payload/Dodge Ballers.app/embedded.mobileprovision
copying file ./Payload/Dodge Ballers.app/LaunchImage-800-Landscape-736h@3x.png ... 
2019-01-14 05:29:34 +0000  6765590 bytes for ./Payload/Dodge Ballers.app/LaunchImage-800-Landscape-736h@3x.png
copying file ./Payload/Dodge Ballers.app/LaunchImage-700-Portrait@2x~ipad.png ... 
2019-01-14 05:29:34 +0000  7173906 bytes for ./Payload/Dodge Ballers.app/LaunchImage-700-Portrait@2x~ipad.png
copying file ./Payload/Dodge Ballers.app/LaunchImage-700-Landscape~ipad.png ... 
2019-01-14 05:29:34 +0000  2061412 bytes for ./Payload/Dodge Ballers.app/LaunchImage-700-Landscape~ipad.png
copying file ./Payload/Dodge Ballers.app/AppIcon20x20@2x~ipad.png ... 
2019-01-14 05:29:34 +0000  5261 bytes for ./Payload/Dodge Ballers.app/AppIcon20x20@2x~ipad.png
copying file ./Payload/Dodge Ballers.app/Info.plist ... 
2019-01-14 05:29:34 +0000  2218 bytes for ./Payload/Dodge Ballers.app/Info.plist
copying file ./Payload/Dodge Ballers.app/PkgInfo ... 
2019-01-14 05:29:34 +0000  8 bytes for ./Payload/Dodge Ballers.app/PkgInfo
copying file ./Payload/Dodge Ballers.app/AppIcon76x76~ipad.png ... 
2019-01-14 05:29:34 +0000  17195 bytes for ./Payload/Dodge Ballers.app/AppIcon76x76~ipad.png
2019-01-14 05:29:34 +0000  /usr/bin/ditto exited with 0
2019-01-14 05:29:34 +0000  Processing step: IDEDistributionAppStoreInformationStep
2019-01-14 05:29:34 +0000  Skipping step: IDEDistributionAppStoreInformationStep because it said so
2019-01-14 05:29:34 +0000  Processing step: IDEDistributionCreateManifestStep
